
C:\Users\ONEDEV\Desktop\IPTV APP NATIVE ANDROID\TvPlayerApp\SVPlayer>if "Windows_NT" == "Windows_NT" setlocal

C:\Users\ONEDEV\Desktop\IPTV APP NATIVE ANDROID\TvPlayerApp\SVPlayer>set DIRNAME=C:\Users\ONEDEV\Desktop\IPTV APP NATIVE ANDROID\TvPlayerApp\SVPlayer\ 

C:\Users\ONEDEV\Desktop\IPTV APP NATIVE ANDROID\TvPlayerApp\SVPlayer>if "C:\Users\ONEDEV\Desktop\IPTV APP NATIVE ANDROID\TvPlayerApp\SVPlayer\" == "" set DIRNAME=. 

C:\Users\ONEDEV\Desktop\IPTV APP NATIVE ANDROID\TvPlayerApp\SVPlayer>set APP_BASE_NAME=gradlew 

C:\Users\ONEDEV\Desktop\IPTV APP NATIVE ANDROID\TvPlayerApp\SVPlayer>set APP_HOME=C:\Users\ONEDEV\Desktop\IPTV APP NATIVE ANDROID\TvPlayerApp\SVPlayer\ 

C:\Users\ONEDEV\Desktop\IPTV APP NATIVE ANDROID\TvPlayerApp\SVPlayer>for %i in ("C:\Users\ONEDEV\Desktop\IPTV APP NATIVE ANDROID\TvPlayerApp\SVPlayer\") do set APP_HOME=%~fi 

C:\Users\ONEDEV\Desktop\IPTV APP NATIVE ANDROID\TvPlayerApp\SVPlayer>set APP_HOME=C:\Users\ONEDEV\Desktop\IPTV APP NATIVE ANDROID\TvPlayerApp\SVPlayer\ 

C:\Users\ONEDEV\Desktop\IPTV APP NATIVE ANDROID\TvPlayerApp\SVPlayer>set DEFAULT_JVM_OPTS="-Xmx64m" "-Xms64m" 

C:\Users\ONEDEV\Desktop\IPTV APP NATIVE ANDROID\TvPlayerApp\SVPlayer>if defined JAVA_HOME goto findJavaFromJavaHome 

C:\Users\ONEDEV\Desktop\IPTV APP NATIVE ANDROID\TvPlayerApp\SVPlayer>set JAVA_HOME=C:\Program Files\Android\Android Studio\jbr 

C:\Users\ONEDEV\Desktop\IPTV APP NATIVE ANDROID\TvPlayerApp\SVPlayer>set JAVA_EXE=C:\Program Files\Android\Android Studio\jbr/bin/java.exe 

C:\Users\ONEDEV\Desktop\IPTV APP NATIVE ANDROID\TvPlayerApp\SVPlayer>if exist "C:\Program Files\Android\Android Studio\jbr/bin/java.exe" goto execute 

C:\Users\ONEDEV\Desktop\IPTV APP NATIVE ANDROID\TvPlayerApp\SVPlayer>set CLASSPATH= 

C:\Users\ONEDEV\Desktop\IPTV APP NATIVE ANDROID\TvPlayerApp\SVPlayer>"C:\Program Files\Android\Android Studio\jbr/bin/java.exe" "-Xmx64m" "-Xms64m"   "-Dorg.gradle.appname=gradlew" -classpath "" -jar "C:\Users\ONEDEV\Desktop\IPTV APP NATIVE ANDROID\TvPlayerApp\SVPlayer\\gradle\wrapper\gradle-wrapper.jar" :app:assembleDebug --offline --console=plain --max-workers=1 --no-daemon --info 
Initialized native services in: C:\Users\ONEDEV\.gradle\native
Initialized jansi services in: C:\Users\ONEDEV\.gradle\native
To honour the JVM settings for this build a single-use Daemon process will be forked. For more on this, please refer to https://docs.gradle.org/8.14.3/userguide/gradle_daemon.html#sec:disabling_the_daemon in the Gradle documentation.
Starting process 'Gradle build daemon'. Working directory: C:\Users\ONEDEV\.gradle\daemon\8.14.3 Command: C:\Program Files\Android\Android Studio\jbr\bin\java.exe --add-opens=java.base/java.lang=ALL-UNNAMED --add-opens=java.base/java.lang.invoke=ALL-UNNAMED --add-opens=java.base/java.util=ALL-UNNAMED --add-opens=java.prefs/java.util.prefs=ALL-UNNAMED --add-exports=jdk.compiler/com.sun.tools.javac.api=ALL-UNNAMED --add-exports=jdk.compiler/com.sun.tools.javac.util=ALL-UNNAMED --add-opens=java.base/java.util=ALL-UNNAMED --add-opens=java.prefs/java.util.prefs=ALL-UNNAMED --add-opens=java.base/java.nio.charset=ALL-UNNAMED --add-opens=java.base/java.net=ALL-UNNAMED --add-opens=java.base/java.util.concurrent.atomic=ALL-UNNAMED --add-opens=java.xml/javax.xml.namespace=ALL-UNNAMED -Xmx4096m -Dfile.encoding=UTF-8 -Duser.country=US -Duser.language=en -Duser.variant -cp C:\Users\ONEDEV\.gradle\wrapper\dists\gradle-8.14.3-all\10utluxaxniiv4wxiphsi49nj\gradle-8.14.3\lib\gradle-daemon-main-8.14.3.jar -javaagent:C:\Users\ONEDEV\.gradle\wrapper\dists\gradle-8.14.3-all\10utluxaxniiv4wxiphsi49nj\gradle-8.14.3\lib\agents\gradle-instrumentation-agent-8.14.3.jar org.gradle.launcher.daemon.bootstrap.GradleDaemon 8.14.3
Successfully started process 'Gradle build daemon'
An attempt to start the daemon took 15.77 secs.
The client will now receive all logging from the daemon (pid: 3788). The daemon log file: C:\Users\ONEDEV\.gradle\daemon\8.14.3\daemon-3788.out.log
Daemon will be stopped at the end of the build 
Using 1 worker leases.
Received JVM installation metadata from 'C:\Program Files\Android\Android Studio\jbr': {JAVA_HOME=C:\Program Files\Android\Android Studio\jbr, JAVA_VERSION=21.0.10, JAVA_VENDOR=JetBrains s.r.o., RUNTIME_NAME=OpenJDK Runtime Environment, RUNTIME_VERSION=21.0.10+-14961533-b1163.108, VM_NAME=OpenJDK 64-Bit Server VM, VM_VERSION=21.0.10+-14961533-b1163.108, VM_VENDOR=JetBrains s.r.o., OS_ARCH=amd64}
Watching the file system is configured to be enabled if available
Now considering [C:\Users\ONEDEV\Desktop\IPTV APP NATIVE ANDROID\TvPlayerApp\SVPlayer] as hierarchies to watch
File system watching is active
Starting Build
Invalidating in-memory cache of C:\Users\ONEDEV\.gradle\caches\8.14.3\fileHashes\fileHashes.bin
Invalidating in-memory cache of C:\Users\ONEDEV\.gradle\caches\8.14.3\fileHashes\resourceHashesCache.bin
Invalidating in-memory cache of C:\Users\ONEDEV\.gradle\caches\journal-1\file-access.bin
Invalidating in-memory cache of C:\Users\ONEDEV\.gradle\caches\8.14.3\fileHashes\fileHashes.bin
Invalidating in-memory cache of C:\Users\ONEDEV\.gradle\caches\8.14.3\fileHashes\resourceHashesCache.bin
Invalidating in-memory cache of C:\Users\ONEDEV\.gradle\caches\journal-1\file-access.bin
Settings evaluated using settings file 'C:\Users\ONEDEV\Desktop\IPTV APP NATIVE ANDROID\TvPlayerApp\SVPlayer\settings.gradle.kts'.
Projects loaded. Root project using build file 'C:\Users\ONEDEV\Desktop\IPTV APP NATIVE ANDROID\TvPlayerApp\SVPlayer\build.gradle.kts'.
Included projects: [root project 'SVPlayer', project ':app']

> Configure project :
Evaluating root project 'SVPlayer' using build file 'C:\Users\ONEDEV\Desktop\IPTV APP NATIVE ANDROID\TvPlayerApp\SVPlayer\build.gradle.kts'.
Invalidating in-memory cache of C:\Users\ONEDEV\.gradle\caches\journal-1\file-access.bin
Invalidating in-memory cache of C:\Users\ONEDEV\.gradle\caches\8.14.3\fileHashes\fileHashes.bin
Invalidating in-memory cache of C:\Users\ONEDEV\.gradle\caches\8.14.3\fileHashes\resourceHashesCache.bin
Invalidating in-memory cache of C:\Users\ONEDEV\.gradle\caches\journal-1\file-access.bin
Resolved plugin [id: 'com.android.application', version: '8.13.0', apply: false]
Resolved plugin [id: 'org.jetbrains.kotlin.android', version: '2.1.21', apply: false]
Resolved plugin [id: 'org.jetbrains.kotlin.plugin.compose', version: '2.1.21', apply: false]
Resolved plugin [id: 'org.jetbrains.kotlin.kapt', version: '2.1.21', apply: false]
Invalidating in-memory cache of C:\Users\ONEDEV\.gradle\caches\journal-1\file-access.bin
Invalidating in-memory cache of C:\Users\ONEDEV\.gradle\caches\8.14.3\fileHashes\fileHashes.bin
Invalidating in-memory cache of C:\Users\ONEDEV\.gradle\caches\8.14.3\fileHashes\resourceHashesCache.bin
Invalidating in-memory cache of C:\Users\ONEDEV\.gradle\caches\journal-1\file-access.bin

> Configure project :app
Evaluating project ':app' using build file 'C:\Users\ONEDEV\Desktop\IPTV APP NATIVE ANDROID\TvPlayerApp\SVPlayer\app\build.gradle.kts'.
Resolved plugin [id: 'com.android.application']
Resolved plugin [id: 'org.jetbrains.kotlin.android']
Resolved plugin [id: 'org.jetbrains.kotlin.plugin.compose']
Resolved plugin [id: 'org.jetbrains.kotlin.kapt']
Using default execution profile
Build 51135547-ac0d-4694-8b2b-9557440dc4eb is started
Using Kotlin Gradle Plugin gradle85 variant
Invalidating in-memory cache of C:\Users\ONEDEV\.gradle\caches\8.14.3\fileHashes\fileHashes.bin
Invalidating in-memory cache of C:\Users\ONEDEV\.gradle\caches\8.14.3\fileHashes\resourceHashesCache.bin
Invalidating in-memory cache of C:\Users\ONEDEV\.gradle\caches\journal-1\file-access.bin
Detected Android Gradle Plugin compose compiler configuration
Detected Android Gradle Plugin compose compiler configuration
Detected Android Gradle Plugin compose compiler configuration
Detected Android Gradle Plugin compose compiler configuration
Detected Android Gradle Plugin compose compiler configuration
All projects evaluated.
Task path ':app:assembleDebug' matched project ':app'
Task name matched 'assembleDebug'
Selected primary task 'assembleDebug' from project :app
Starting process 'command 'C:\Program Files\Eclipse Adoptium\jdk-8.0.492.9-hotspot\bin\java.exe''. Working directory: C:\Users\ONEDEV\.gradle\.tmp\tmp-jvm10377007494913880576probe Command: C:\Program Files\Eclipse Adoptium\jdk-8.0.492.9-hotspot\bin\java.exe -Xmx32m -Xms32m -cp . JavaProbe
Successfully started process 'command 'C:\Program Files\Eclipse Adoptium\jdk-8.0.492.9-hotspot\bin\java.exe''
Received JVM installation metadata from 'C:\Program Files\Eclipse Adoptium\jdk-8.0.492.9-hotspot': {JAVA_HOME=C:\Program Files\Eclipse Adoptium\jdk-8.0.492.9-hotspot\jre, JAVA_VERSION=1.8.0_492, JAVA_VENDOR=Temurin, RUNTIME_NAME=OpenJDK Runtime Environment, RUNTIME_VERSION=1.8.0_492-b09, VM_NAME=OpenJDK 64-Bit Server VM, VM_VERSION=25.492-b09, VM_VENDOR=Temurin, OS_ARCH=amd64}
Adding -Xuse-inline-scopes-numbers Kotlin compiler flag for task :app:compileDebugKotlin
Tasks to be executed: [task ':app:preBuild', task ':app:preDebugBuild', task ':app:mergeDebugNativeDebugMetadata', task ':app:checkKotlinGradlePluginConfigurationErrors', task ':app:generateDebugBuildConfig', task ':app:checkDebugAarMetadata', task ':app:processDebugNavigationResources', task ':app:compileDebugNavigationResources', task ':app:generateDebugResValues', task ':app:mapDebugSourceSetPaths', task ':app:generateDebugResources', task ':app:mergeDebugResources', task ':app:packageDebugResources', task ':app:parseDebugLocalResources', task ':app:createDebugCompatibleScreenManifests', task ':app:extractDeepLinksDebug', task ':app:processDebugMainManifest', task ':app:processDebugManifest', task ':app:processDebugManifestForPackage', task ':app:processDebugResources', task ':app:kaptGenerateStubsDebugKotlin', task ':app:kaptDebugKotlin', task ':app:compileDebugKotlin', task ':app:javaPreCompileDebug', task ':app:compileDebugJavaWithJavac', task ':app:mergeDebugShaders', task ':app:compileDebugShaders', task ':app:generateDebugAssets', task ':app:mergeDebugAssets', task ':app:compressDebugAssets', task ':app:desugarDebugFileDependencies', task ':app:dexBuilderDebug', task ':app:mergeDebugGlobalSynthetics', task ':app:processDebugJavaRes', task ':app:mergeDebugJavaResource', task ':app:checkDebugDuplicateClasses', task ':app:mergeExtDexDebug', task ':app:mergeLibDexDebug', task ':app:mergeProjectDexDebug', task ':app:mergeDebugJniLibFolders', task ':app:mergeDebugNativeLibs', task ':app:stripDebugDebugSymbols', task ':app:validateSigningDebug', task ':app:writeDebugAppMetadata', task ':app:writeDebugSigningConfigVersions', task ':app:packageDebug', task ':app:createDebugApkListingFileRedirect', task ':app:assembleDebug']
Tasks that were excluded: []
Resolve mutations for :app:preBuild (Thread[#60,included builds,5,main]) started.
:app:preBuild (Thread[#60,included builds,5,main]) started.

> Task :app:preBuild UP-TO-DATE
Skipping task ':app:preBuild' as it has no actions.
Resolve mutations for :app:preDebugBuild (Thread[#60,included builds,5,main]) started.
:app:preDebugBuild (Thread[#60,included builds,5,main]) started.

> Task :app:preDebugBuild UP-TO-DATE
Skipping task ':app:preDebugBuild' as it has no actions.
Resolve mutations for :app:mergeDebugNativeDebugMetadata (Thread[#60,included builds,5,main]) started.
:app:mergeDebugNativeDebugMetadata (Thread[#60,included builds,5,main]) started.

> Task :app:mergeDebugNativeDebugMetadata NO-SOURCE
Invalidating in-memory cache of C:\Users\ONEDEV\Desktop\IPTV APP NATIVE ANDROID\TvPlayerApp\SVPlayer\.gradle\buildOutputCleanup\outputFiles.bin
Skipping task ':app:mergeDebugNativeDebugMetadata' as it has no source files and no previous output files.
Resolve mutations for :app:checkKotlinGradlePluginConfigurationErrors (Thread[#60,included builds,5,main]) started.
:app:checkKotlinGradlePluginConfigurationErrors (Thread[#60,included builds,5,main]) started.

> Task :app:checkKotlinGradlePluginConfigurationErrors SKIPPED
Skipping task ':app:checkKotlinGradlePluginConfigurationErrors' as task onlyIf 'errorDiagnostics are present' is false.
Resolve mutations for :app:generateDebugBuildConfig (Thread[#60,included builds,5,main]) started.
:app:generateDebugBuildConfig (Thread[#60,included builds,5,main]) started.

> Task :app:generateDebugBuildConfig UP-TO-DATE
Invalidating in-memory cache of C:\Users\ONEDEV\Desktop\IPTV APP NATIVE ANDROID\TvPlayerApp\SVPlayer\.gradle\8.14.3\fileHashes\fileHashes.bin
Invalidating in-memory cache of C:\Users\ONEDEV\Desktop\IPTV APP NATIVE ANDROID\TvPlayerApp\SVPlayer\.gradle\8.14.3\fileHashes\resourceHashesCache.bin
Caching disabled for task ':app:generateDebugBuildConfig' because:
  Build cache is disabled
Skipping task ':app:generateDebugBuildConfig' as it is up-to-date.
Resolve mutations for :app:checkDebugAarMetadata (Thread[#60,included builds,5,main]) started.
:app:checkDebugAarMetadata (Thread[#60,included builds,5,main]) started.

> Task :app:checkDebugAarMetadata
Invalidating in-memory cache of C:\Users\ONEDEV\.gradle\caches\journal-1\file-access.bin
Invalidating in-memory cache of C:\Users\ONEDEV\.gradle\caches\8.14.3\fileHashes\fileHashes.bin
Invalidating in-memory cache of C:\Users\ONEDEV\.gradle\caches\8.14.3\fileHashes\resourceHashesCache.bin
Caching disabled for task ':app:checkDebugAarMetadata' because:
  Build cache is disabled
  Caching has been disabled for the task
Skipping task ':app:checkDebugAarMetadata' as it is up-to-date.

> Task :app:checkDebugAarMetadata UP-TO-DATE
Resolve mutations for :app:processDebugNavigationResources (Thread[#60,included builds,5,main]) started.
:app:processDebugNavigationResources (Thread[#60,included builds,5,main]) started.

> Task :app:processDebugNavigationResources UP-TO-DATE
Invalidating in-memory cache of C:\Users\ONEDEV\Desktop\IPTV APP NATIVE ANDROID\TvPlayerApp\SVPlayer\.gradle\8.14.3\fileHashes\fileHashes.bin
Invalidating in-memory cache of C:\Users\ONEDEV\Desktop\IPTV APP NATIVE ANDROID\TvPlayerApp\SVPlayer\.gradle\8.14.3\fileHashes\resourceHashesCache.bin
Caching disabled for task ':app:processDebugNavigationResources' because:
  Build cache is disabled
Skipping task ':app:processDebugNavigationResources' as it is up-to-date.
Resolve mutations for :app:compileDebugNavigationResources (Thread[#60,included builds,5,main]) started.
:app:compileDebugNavigationResources (Thread[#60,included builds,5,main]) started.

> Task :app:compileDebugNavigationResources UP-TO-DATE
Caching disabled for task ':app:compileDebugNavigationResources' because:
  Build cache is disabled
Skipping task ':app:compileDebugNavigationResources' as it is up-to-date.
Resolve mutations for :app:generateDebugResValues (Thread[#60,included builds,5,main]) started.
:app:generateDebugResValues (Thread[#60,included builds,5,main]) started.

> Task :app:generateDebugResValues UP-TO-DATE
Caching disabled for task ':app:generateDebugResValues' because:
  Build cache is disabled
Skipping task ':app:generateDebugResValues' as it is up-to-date.
Resolve mutations for :app:mapDebugSourceSetPaths (Thread[#60,included builds,5,main]) started.
:app:mapDebugSourceSetPaths (Thread[#60,included builds,5,main]) started.

> Task :app:mapDebugSourceSetPaths UP-TO-DATE
Caching disabled for task ':app:mapDebugSourceSetPaths' because:
  Build cache is disabled
  Caching has been disabled for the task
Skipping task ':app:mapDebugSourceSetPaths' as it is up-to-date.
Resolve mutations for :app:generateDebugResources (Thread[#60,included builds,5,main]) started.
:app:generateDebugResources (Thread[#60,included builds,5,main]) started.

> Task :app:generateDebugResources UP-TO-DATE
Caching disabled for task ':app:generateDebugResources' because:
  Build cache is disabled
Skipping task ':app:generateDebugResources' as it is up-to-date.
Resolve mutations for :app:mergeDebugResources (Thread[#60,included builds,5,main]) started.
:app:mergeDebugResources (Thread[#60,included builds,5,main]) started.

> Task :app:mergeDebugResources UP-TO-DATE
Caching disabled for task ':app:mergeDebugResources' because:
  Build cache is disabled
Skipping task ':app:mergeDebugResources' as it is up-to-date.
Resolve mutations for :app:packageDebugResources (Thread[#60,included builds,5,main]) started.
:app:packageDebugResources (Thread[#60,included builds,5,main]) started.

> Task :app:packageDebugResources UP-TO-DATE
Caching disabled for task ':app:packageDebugResources' because:
  Build cache is disabled
Skipping task ':app:packageDebugResources' as it is up-to-date.
Resolve mutations for :app:parseDebugLocalResources (Thread[#60,included builds,5,main]) started.
:app:parseDebugLocalResources (Thread[#60,included builds,5,main]) started.

> Task :app:parseDebugLocalResources UP-TO-DATE
Caching disabled for task ':app:parseDebugLocalResources' because:
  Build cache is disabled
Skipping task ':app:parseDebugLocalResources' as it is up-to-date.
Resolve mutations for :app:createDebugCompatibleScreenManifests (Thread[#60,included builds,5,main]) started.
:app:createDebugCompatibleScreenManifests (Thread[#60,included builds,5,main]) started.

> Task :app:createDebugCompatibleScreenManifests UP-TO-DATE
Caching disabled for task ':app:createDebugCompatibleScreenManifests' because:
  Build cache is disabled
  Caching has been disabled for the task
Skipping task ':app:createDebugCompatibleScreenManifests' as it is up-to-date.
Resolve mutations for :app:extractDeepLinksDebug (Thread[#60,included builds,5,main]) started.
:app:extractDeepLinksDebug (Thread[#60,included builds,5,main]) started.

> Task :app:extractDeepLinksDebug UP-TO-DATE
Caching disabled for task ':app:extractDeepLinksDebug' because:
  Build cache is disabled
Skipping task ':app:extractDeepLinksDebug' as it is up-to-date.
Resolve mutations for :app:processDebugMainManifest (Thread[#60,included builds,5,main]) started.
:app:processDebugMainManifest (Thread[#60,included builds,5,main]) started.

> Task :app:processDebugMainManifest UP-TO-DATE
Caching disabled for task ':app:processDebugMainManifest' because:
  Build cache is disabled
Skipping task ':app:processDebugMainManifest' as it is up-to-date.
Resolve mutations for :app:processDebugManifest (Thread[#60,included builds,5,main]) started.
:app:processDebugManifest (Thread[#60,included builds,5,main]) started.

> Task :app:processDebugManifest UP-TO-DATE
Caching disabled for task ':app:processDebugManifest' because:
  Build cache is disabled
Skipping task ':app:processDebugManifest' as it is up-to-date.
Resolve mutations for :app:processDebugManifestForPackage (Thread[#60,included builds,5,main]) started.
:app:processDebugManifestForPackage (Thread[#60,included builds,5,main]) started.

> Task :app:processDebugManifestForPackage UP-TO-DATE
Custom actions are attached to task ':app:processDebugManifestForPackage'.
Caching disabled for task ':app:processDebugManifestForPackage' because:
  Build cache is disabled
Skipping task ':app:processDebugManifestForPackage' as it is up-to-date.
Resolve mutations for :app:processDebugResources (Thread[#60,included builds,5,main]) started.
:app:processDebugResources (Thread[#60,included builds,5,main]) started.

> Task :app:processDebugResources UP-TO-DATE
Caching disabled for task ':app:processDebugResources' because:
  Build cache is disabled
Skipping task ':app:processDebugResources' as it is up-to-date.
Resolve mutations for :app:kaptGenerateStubsDebugKotlin (Thread[#60,included builds,5,main]) started.
:app:kaptGenerateStubsDebugKotlin (Thread[#60,included builds,5,main]) started.

> Task :app:kaptGenerateStubsDebugKotlin
Adding -Xuse-inline-scopes-numbers Kotlin compiler flag for task :app:compileDebugAndroidTestKotlin
Caching disabled for task ':app:kaptGenerateStubsDebugKotlin' because:
  Build cache is disabled
Task ':app:kaptGenerateStubsDebugKotlin' is not up-to-date because:
  Output property 'classpathSnapshotProperties.classpathSnapshotDir' file C:\Users\ONEDEV\Desktop\IPTV APP NATIVE ANDROID\TvPlayerApp\SVPlayer\app\build\kotlin\kaptGenerateStubsDebugKotlin\classpath-snapshot\shrunk-classpath-snapshot.bin has been removed.
  Output property 'destinationDirectory' file C:\Users\ONEDEV\Desktop\IPTV APP NATIVE ANDROID\TvPlayerApp\SVPlayer\app\build\tmp\kapt3\incrementalData\debug\META-INF has been removed.
  Output property 'destinationDirectory' file C:\Users\ONEDEV\Desktop\IPTV APP NATIVE ANDROID\TvPlayerApp\SVPlayer\app\build\tmp\kapt3\incrementalData\debug\META-INF\app_debug.kotlin_module has been removed.
  and more...
The input changes require a full rebuild for incremental task ':app:kaptGenerateStubsDebugKotlin'.
file or directory 'C:\Users\ONEDEV\Desktop\IPTV APP NATIVE ANDROID\TvPlayerApp\SVPlayer\app\src\debug\kotlin', not found
file or directory 'C:\Users\ONEDEV\Desktop\IPTV APP NATIVE ANDROID\TvPlayerApp\SVPlayer\app\src\debug\java', not found
file or directory 'C:\Users\ONEDEV\Desktop\IPTV APP NATIVE ANDROID\TvPlayerApp\SVPlayer\app\src\debug\kotlin', not found
file or directory 'C:\Users\ONEDEV\Desktop\IPTV APP NATIVE ANDROID\TvPlayerApp\SVPlayer\app\src\debug\java', not found
file or directory 'C:\Users\ONEDEV\Desktop\IPTV APP NATIVE ANDROID\TvPlayerApp\SVPlayer\app\src\debug\kotlin', not found
file or directory 'C:\Users\ONEDEV\Desktop\IPTV APP NATIVE ANDROID\TvPlayerApp\SVPlayer\app\src\debug\java', not found
file or directory 'C:\Users\ONEDEV\Desktop\IPTV APP NATIVE ANDROID\TvPlayerApp\SVPlayer\app\src\main\kotlin', not found
file or directory 'C:\Users\ONEDEV\Desktop\IPTV APP NATIVE ANDROID\TvPlayerApp\SVPlayer\app\src\main\kotlin', not found
file or directory 'C:\Users\ONEDEV\Desktop\IPTV APP NATIVE ANDROID\TvPlayerApp\SVPlayer\app\src\main\kotlin', not found
file or directory 'C:\Users\ONEDEV\Desktop\IPTV APP NATIVE ANDROID\TvPlayerApp\SVPlayer\app\src\main\kotlin', not found
file or directory 'C:\Users\ONEDEV\Desktop\IPTV APP NATIVE ANDROID\TvPlayerApp\SVPlayer\app\src\main\kotlin', not found
file or directory 'C:\Users\ONEDEV\Desktop\IPTV APP NATIVE ANDROID\TvPlayerApp\SVPlayer\app\src\main\kotlin', not found
file or directory 'C:\Users\ONEDEV\Desktop\IPTV APP NATIVE ANDROID\TvPlayerApp\SVPlayer\app\src\debug\kotlin', not found
file or directory 'C:\Users\ONEDEV\Desktop\IPTV APP NATIVE ANDROID\TvPlayerApp\SVPlayer\app\src\debug\java', not found
file or directory 'C:\Users\ONEDEV\Desktop\IPTV APP NATIVE ANDROID\TvPlayerApp\SVPlayer\app\src\debug\kotlin', not found
file or directory 'C:\Users\ONEDEV\Desktop\IPTV APP NATIVE ANDROID\TvPlayerApp\SVPlayer\app\src\debug\java', not found
file or directory 'C:\Users\ONEDEV\Desktop\IPTV APP NATIVE ANDROID\TvPlayerApp\SVPlayer\app\src\debug\kotlin', not found
file or directory 'C:\Users\ONEDEV\Desktop\IPTV APP NATIVE ANDROID\TvPlayerApp\SVPlayer\app\src\debug\java', not found
file or directory 'C:\Users\ONEDEV\Desktop\IPTV APP NATIVE ANDROID\TvPlayerApp\SVPlayer\app\src\debug\java', not found
file or directory 'C:\Users\ONEDEV\Desktop\IPTV APP NATIVE ANDROID\TvPlayerApp\SVPlayer\app\src\debug\kotlin', not found
file or directory 'C:\Users\ONEDEV\Desktop\IPTV APP NATIVE ANDROID\TvPlayerApp\SVPlayer\app\src\debug\java', not found
file or directory 'C:\Users\ONEDEV\Desktop\IPTV APP NATIVE ANDROID\TvPlayerApp\SVPlayer\app\src\debug\kotlin', not found
file or directory 'C:\Users\ONEDEV\Desktop\IPTV APP NATIVE ANDROID\TvPlayerApp\SVPlayer\app\src\debug\java', not found
file or directory 'C:\Users\ONEDEV\Desktop\IPTV APP NATIVE ANDROID\TvPlayerApp\SVPlayer\app\src\debug\kotlin', not found
file or directory 'C:\Users\ONEDEV\Desktop\IPTV APP NATIVE ANDROID\TvPlayerApp\SVPlayer\app\src\debug\java', not found
file or directory 'C:\Users\ONEDEV\Desktop\IPTV APP NATIVE ANDROID\TvPlayerApp\SVPlayer\app\src\main\kotlin', not found
file or directory 'C:\Users\ONEDEV\Desktop\IPTV APP NATIVE ANDROID\TvPlayerApp\SVPlayer\app\src\debug\kotlin', not found
file or directory 'C:\Users\ONEDEV\Desktop\IPTV APP NATIVE ANDROID\TvPlayerApp\SVPlayer\app\src\debug\java', not found
file or directory 'C:\Users\ONEDEV\Desktop\IPTV APP NATIVE ANDROID\TvPlayerApp\SVPlayer\app\src\debug\kotlin', not found
file or directory 'C:\Users\ONEDEV\Desktop\IPTV APP NATIVE ANDROID\TvPlayerApp\SVPlayer\app\src\debug\java', not found
file or directory 'C:\Users\ONEDEV\Desktop\IPTV APP NATIVE ANDROID\TvPlayerApp\SVPlayer\app\src\debug\kotlin', not found
file or directory 'C:\Users\ONEDEV\Desktop\IPTV APP NATIVE ANDROID\TvPlayerApp\SVPlayer\app\src\debug\java', not found
file or directory 'C:\Users\ONEDEV\Desktop\IPTV APP NATIVE ANDROID\TvPlayerApp\SVPlayer\app\src\main\kotlin', not found
file or directory 'C:\Users\ONEDEV\Desktop\IPTV APP NATIVE ANDROID\TvPlayerApp\SVPlayer\app\src\main\kotlin', not found
file or directory 'C:\Users\ONEDEV\Desktop\IPTV APP NATIVE ANDROID\TvPlayerApp\SVPlayer\app\src\main\kotlin', not found
file or directory 'C:\Users\ONEDEV\Desktop\IPTV APP NATIVE ANDROID\TvPlayerApp\SVPlayer\app\src\main\kotlin', not found
file or directory 'C:\Users\ONEDEV\Desktop\IPTV APP NATIVE ANDROID\TvPlayerApp\SVPlayer\app\src\main\kotlin', not found
file or directory 'C:\Users\ONEDEV\Desktop\IPTV APP NATIVE ANDROID\TvPlayerApp\SVPlayer\app\src\main\kotlin', not found
file or directory 'C:\Users\ONEDEV\Desktop\IPTV APP NATIVE ANDROID\TvPlayerApp\SVPlayer\app\src\debug\kotlin', not found
file or directory 'C:\Users\ONEDEV\Desktop\IPTV APP NATIVE ANDROID\TvPlayerApp\SVPlayer\app\src\debug\java', not found
file or directory 'C:\Users\ONEDEV\Desktop\IPTV APP NATIVE ANDROID\TvPlayerApp\SVPlayer\app\src\debug\kotlin', not found
file or directory 'C:\Users\ONEDEV\Desktop\IPTV APP NATIVE ANDROID\TvPlayerApp\SVPlayer\app\src\debug\java', not found
file or directory 'C:\Users\ONEDEV\Desktop\IPTV APP NATIVE ANDROID\TvPlayerApp\SVPlayer\app\src\debug\kotlin', not found
file or directory 'C:\Users\ONEDEV\Desktop\IPTV APP NATIVE ANDROID\TvPlayerApp\SVPlayer\app\src\debug\java', not found
file or directory 'C:\Users\ONEDEV\Desktop\IPTV APP NATIVE ANDROID\TvPlayerApp\SVPlayer\app\src\debug\java', not found
file or directory 'C:\Users\ONEDEV\Desktop\IPTV APP NATIVE ANDROID\TvPlayerApp\SVPlayer\app\src\debug\kotlin', not found
file or directory 'C:\Users\ONEDEV\Desktop\IPTV APP NATIVE ANDROID\TvPlayerApp\SVPlayer\app\src\debug\java', not found
file or directory 'C:\Users\ONEDEV\Desktop\IPTV APP NATIVE ANDROID\TvPlayerApp\SVPlayer\app\src\debug\kotlin', not found
file or directory 'C:\Users\ONEDEV\Desktop\IPTV APP NATIVE ANDROID\TvPlayerApp\SVPlayer\app\src\debug\java', not found
file or directory 'C:\Users\ONEDEV\Desktop\IPTV APP NATIVE ANDROID\TvPlayerApp\SVPlayer\app\src\debug\kotlin', not found
file or directory 'C:\Users\ONEDEV\Desktop\IPTV APP NATIVE ANDROID\TvPlayerApp\SVPlayer\app\src\debug\java', not found
file or directory 'C:\Users\ONEDEV\Desktop\IPTV APP NATIVE ANDROID\TvPlayerApp\SVPlayer\app\src\main\kotlin', not found
file or directory 'C:\Users\ONEDEV\Desktop\IPTV APP NATIVE ANDROID\TvPlayerApp\SVPlayer\app\src\main\kotlin', not found
file or directory 'C:\Users\ONEDEV\Desktop\IPTV APP NATIVE ANDROID\TvPlayerApp\SVPlayer\app\src\main\kotlin', not found
file or directory 'C:\Users\ONEDEV\Desktop\IPTV APP NATIVE ANDROID\TvPlayerApp\SVPlayer\app\src\main\kotlin', not found
file or directory 'C:\Users\ONEDEV\Desktop\IPTV APP NATIVE ANDROID\TvPlayerApp\SVPlayer\app\src\main\kotlin', not found
file or directory 'C:\Users\ONEDEV\Desktop\IPTV APP NATIVE ANDROID\TvPlayerApp\SVPlayer\app\src\main\kotlin', not found
file or directory 'C:\Users\ONEDEV\Desktop\IPTV APP NATIVE ANDROID\TvPlayerApp\SVPlayer\app\src\debug\kotlin', not found
file or directory 'C:\Users\ONEDEV\Desktop\IPTV APP NATIVE ANDROID\TvPlayerApp\SVPlayer\app\src\debug\java', not found
file or directory 'C:\Users\ONEDEV\Desktop\IPTV APP NATIVE ANDROID\TvPlayerApp\SVPlayer\app\src\debug\kotlin', not found
file or directory 'C:\Users\ONEDEV\Desktop\IPTV APP NATIVE ANDROID\TvPlayerApp\SVPlayer\app\src\debug\java', not found
file or directory 'C:\Users\ONEDEV\Desktop\IPTV APP NATIVE ANDROID\TvPlayerApp\SVPlayer\app\src\debug\kotlin', not found
file or directory 'C:\Users\ONEDEV\Desktop\IPTV APP NATIVE ANDROID\TvPlayerApp\SVPlayer\app\src\debug\java', not found
file or directory 'C:\Users\ONEDEV\Desktop\IPTV APP NATIVE ANDROID\TvPlayerApp\SVPlayer\app\src\debug\java', not found
Using Kotlin/JVM incremental compilation
[KOTLIN] Kotlin compilation 'jdkHome' argument: null
i: cannot connect to registry: Connection refused: connect
i: starting the daemon as: C:\Program Files\Android\Android Studio\jbr\bin\java -cp C:\Users\ONEDEV\.gradle\caches\modules-2\files-2.1\org.jetbrains.kotlin\kotlin-compiler-embeddable\2.1.21\70a69b95905e33806fbee6c6c9c48e2b2b2b4da4\kotlin-compiler-embeddable-2.1.21.jar;C:\Users\ONEDEV\.gradle\caches\modules-2\files-2.1\org.jetbrains.kotlin\kotlin-stdlib\2.1.21\97a0975aa19d925e109537af60eb46902920015c\kotlin-stdlib-2.1.21.jar;C:\Users\ONEDEV\.gradle\caches\modules-2\files-2.1\org.jetbrains.kotlin\kotlin-script-runtime\2.1.21\e274d560d10526099330411c45961f04d85e77b9\kotlin-script-runtime-2.1.21.jar;C:\Users\ONEDEV\.gradle\caches\modules-2\files-2.1\org.jetbrains.kotlin\kotlin-reflect\1.6.10\1cbe9c92c12a94eea200d23c2bbaedaf3daf5132\kotlin-reflect-1.6.10.jar;C:\Users\ONEDEV\.gradle\caches\modules-2\files-2.1\org.jetbrains.kotlin\kotlin-daemon-embeddable\2.1.21\2376f98b59395adad949ca19811283fafb1b2e31\kotlin-daemon-embeddable-2.1.21.jar;C:\Users\ONEDEV\.gradle\caches\modules-2\files-2.1\org.jetbrains.intellij.deps\trove4j\1.0.20200330\3afb14d5f9ceb459d724e907a21145e8ff394f02\trove4j-1.0.20200330.jar;C:\Users\ONEDEV\.gradle\caches\modules-2\files-2.1\org.jetbrains.kotlinx\kotlinx-coroutines-core-jvm\1.8.0\ac1dc37a30a93150b704022f8d895ee1bd3a36b3\kotlinx-coroutines-core-jvm-1.8.0.jar;C:\Users\ONEDEV\.gradle\caches\modules-2\files-2.1\org.jetbrains\annotations\13.0\919f0dfe192fb4e063e7dacadee7f8bb9a2672a9\annotations-13.0.jar -Djava.awt.headless=true -Djava.rmi.server.hostname=127.0.0.1 -Xmx4096m -XX:ReservedCodeCacheSize=320m -Dkotlin.environment.keepalive -ea -XX:+UseCodeCacheFlushing -XX:+UseParallelGC -Dkotlin.daemon.initiator.marker.file=C:\Users\ONEDEV\AppData\Local\Temp\kotlin-compiler-in-layer-7341520241647202625.alive --add-exports java.base/sun.nio.ch=ALL-UNNAMED org.jetbrains.kotlin.daemon.KotlinCompileDaemon --daemon-runFilesPath C:\Users\ONEDEV\AppData\Local\kotlin\daemon --daemon-autoshutdownIdleSeconds=7200 --daemon-compilerClasspath C:\Users\ONEDEV\.gradle\caches\modules-2\files-2.1\org.jetbrains.kotlin\kotlin-compiler-embeddable\2.1.21\70a69b95905e33806fbee6c6c9c48e2b2b2b4da4\kotlin-compiler-embeddable-2.1.21.jar;C:\Users\ONEDEV\.gradle\caches\modules-2\files-2.1\org.jetbrains.kotlin\kotlin-stdlib\2.1.21\97a0975aa19d925e109537af60eb46902920015c\kotlin-stdlib-2.1.21.jar;C:\Users\ONEDEV\.gradle\caches\modules-2\files-2.1\org.jetbrains.kotlin\kotlin-script-runtime\2.1.21\e274d560d10526099330411c45961f04d85e77b9\kotlin-script-runtime-2.1.21.jar;C:\Users\ONEDEV\.gradle\caches\modules-2\files-2.1\org.jetbrains.kotlin\kotlin-reflect\1.6.10\1cbe9c92c12a94eea200d23c2bbaedaf3daf5132\kotlin-reflect-1.6.10.jar;C:\Users\ONEDEV\.gradle\caches\modules-2\files-2.1\org.jetbrains.kotlin\kotlin-daemon-embeddable\2.1.21\2376f98b59395adad949ca19811283fafb1b2e31\kotlin-daemon-embeddable-2.1.21.jar;C:\Users\ONEDEV\.gradle\caches\modules-2\files-2.1\org.jetbrains.intellij.deps\trove4j\1.0.20200330\3afb14d5f9ceb459d724e907a21145e8ff394f02\trove4j-1.0.20200330.jar;C:\Users\ONEDEV\.gradle\caches\modules-2\files-2.1\org.jetbrains.kotlinx\kotlinx-coroutines-core-jvm\1.8.0\ac1dc37a30a93150b704022f8d895ee1bd3a36b3\kotlinx-coroutines-core-jvm-1.8.0.jar;C:\Users\ONEDEV\.gradle\caches\modules-2\files-2.1\org.jetbrains\annotations\13.0\919f0dfe192fb4e063e7dacadee7f8bb9a2672a9\annotations-13.0.jar
i: [daemon] Picked up _JAVA_OPTIONS: -Djna.nosys=true
i: #1 retrying connecting to the daemon 
i: cannot connect to registry: Connection refused: connect
Options for KOTLIN DAEMON: IncrementalCompilationOptions(super=CompilationOptions(compilerMode=INCREMENTAL_COMPILER, targetPlatform=JVM, reportCategories=[0, 3], reportSeverity=2, requestedCompilationResults=[0], kotlinScriptExtensions=[]), sourceChanges=org.jetbrains.kotlin.buildtools.api.SourcesChanges$Unknown@2f9a3889, classpathChanges=NotAvailableForNonIncrementalRun, workingDir=C:\Users\ONEDEV\Desktop\IPTV APP NATIVE ANDROID\TvPlayerApp\SVPlayer\app\build\kotlin\kaptGenerateStubsDebugKotlin\cacheable, multiModuleICSettings=MultiModuleICSettings(buildHistoryFile=C:\Users\ONEDEV\Desktop\IPTV APP NATIVE ANDROID\TvPlayerApp\SVPlayer\app\build\kotlin\kaptGenerateStubsDebugKotlin\local-state\build-history.bin, useModuleDetection=true), usePreciseJavaTracking=true, icFeatures=IncrementalCompilationFeatures(withAbiSnapshot=false, preciseCompilationResultsBackup=true, keepIncrementalCompilationCachesInMemory=true, enableUnsafeIncrementalCompilationForMultiplatform=false, enableMonotonousIncrementalCompileSetExpansion=true), outputFiles=[C:\Users\ONEDEV\Desktop\IPTV APP NATIVE ANDROID\TvPlayerApp\SVPlayer\app\build\tmp\kapt3\incrementalData\debug, C:\Users\ONEDEV\Desktop\IPTV APP NATIVE ANDROID\TvPlayerApp\SVPlayer\app\build\tmp\kapt3\stubs\debug, C:\Users\ONEDEV\Desktop\IPTV APP NATIVE ANDROID\TvPlayerApp\SVPlayer\app\build\kotlin\kaptGenerateStubsDebugKotlin\cacheable, C:\Users\ONEDEV\Desktop\IPTV APP NATIVE ANDROID\TvPlayerApp\SVPlayer\app\build\kotlin\kaptGenerateStubsDebugKotlin\local-state])
Finished executing kotlin compiler using DAEMON strategy
Invalidating in-memory cache of C:\Users\ONEDEV\Desktop\IPTV APP NATIVE ANDROID\TvPlayerApp\SVPlayer\.gradle\8.14.3\fileHashes\fileHashes.bin
Invalidating in-memory cache of C:\Users\ONEDEV\Desktop\IPTV APP NATIVE ANDROID\TvPlayerApp\SVPlayer\.gradle\8.14.3\fileHashes\resourceHashesCache.bin
Invalidating in-memory cache of C:\Users\ONEDEV\Desktop\IPTV APP NATIVE ANDROID\TvPlayerApp\SVPlayer\.gradle\buildOutputCleanup\outputFiles.bin
Resolve mutations for :app:kaptDebugKotlin (Thread[#60,included builds,5,main]) started.
:app:kaptDebugKotlin (Thread[#60,included builds,5,main]) started.

> Task :app:kaptDebugKotlin
Invalidating in-memory cache of C:\Users\ONEDEV\.gradle\caches\journal-1\file-access.bin
Invalidating in-memory cache of C:\Users\ONEDEV\.gradle\caches\8.14.3\fileHashes\fileHashes.bin
Invalidating in-memory cache of C:\Users\ONEDEV\.gradle\caches\8.14.3\fileHashes\resourceHashesCache.bin
file or directory 'C:\Users\ONEDEV\Desktop\IPTV APP NATIVE ANDROID\TvPlayerApp\SVPlayer\app\src\debug\kotlin', not found
file or directory 'C:\Users\ONEDEV\Desktop\IPTV APP NATIVE ANDROID\TvPlayerApp\SVPlayer\app\src\debug\java', not found
file or directory 'C:\Users\ONEDEV\Desktop\IPTV APP NATIVE ANDROID\TvPlayerApp\SVPlayer\app\src\debug\kotlin', not found
file or directory 'C:\Users\ONEDEV\Desktop\IPTV APP NATIVE ANDROID\TvPlayerApp\SVPlayer\app\src\debug\java', not found
file or directory 'C:\Users\ONEDEV\Desktop\IPTV APP NATIVE ANDROID\TvPlayerApp\SVPlayer\app\src\debug\kotlin', not found
file or directory 'C:\Users\ONEDEV\Desktop\IPTV APP NATIVE ANDROID\TvPlayerApp\SVPlayer\app\src\debug\java', not found
file or directory 'C:\Users\ONEDEV\Desktop\IPTV APP NATIVE ANDROID\TvPlayerApp\SVPlayer\app\src\main\kotlin', not found
file or directory 'C:\Users\ONEDEV\Desktop\IPTV APP NATIVE ANDROID\TvPlayerApp\SVPlayer\app\src\main\kotlin', not found
file or directory 'C:\Users\ONEDEV\Desktop\IPTV APP NATIVE ANDROID\TvPlayerApp\SVPlayer\app\src\main\kotlin', not found
file or directory 'C:\Users\ONEDEV\Desktop\IPTV APP NATIVE ANDROID\TvPlayerApp\SVPlayer\app\src\main\kotlin', not found
file or directory 'C:\Users\ONEDEV\Desktop\IPTV APP NATIVE ANDROID\TvPlayerApp\SVPlayer\app\src\main\kotlin', not found
file or directory 'C:\Users\ONEDEV\Desktop\IPTV APP NATIVE ANDROID\TvPlayerApp\SVPlayer\app\src\main\kotlin', not found
file or directory 'C:\Users\ONEDEV\Desktop\IPTV APP NATIVE ANDROID\TvPlayerApp\SVPlayer\app\src\debug\kotlin', not found
file or directory 'C:\Users\ONEDEV\Desktop\IPTV APP NATIVE ANDROID\TvPlayerApp\SVPlayer\app\src\debug\java', not found
file or directory 'C:\Users\ONEDEV\Desktop\IPTV APP NATIVE ANDROID\TvPlayerApp\SVPlayer\app\src\debug\kotlin', not found
file or directory 'C:\Users\ONEDEV\Desktop\IPTV APP NATIVE ANDROID\TvPlayerApp\SVPlayer\app\src\debug\java', not found
file or directory 'C:\Users\ONEDEV\Desktop\IPTV APP NATIVE ANDROID\TvPlayerApp\SVPlayer\app\src\debug\kotlin', not found
file or directory 'C:\Users\ONEDEV\Desktop\IPTV APP NATIVE ANDROID\TvPlayerApp\SVPlayer\app\src\debug\java', not found
file or directory 'C:\Users\ONEDEV\Desktop\IPTV APP NATIVE ANDROID\TvPlayerApp\SVPlayer\app\src\debug\java', not found
Caching disabled for task ':app:kaptDebugKotlin' because:
  Build cache is disabled
Skipping task ':app:kaptDebugKotlin' as it is up-to-date.

> Task :app:kaptDebugKotlin UP-TO-DATE
Resolve mutations for :app:compileDebugKotlin (Thread[#60,included builds,5,main]) started.
:app:compileDebugKotlin (Thread[#60,included builds,5,main]) started.

> Task :app:compileDebugKotlin
Caching disabled for task ':app:compileDebugKotlin' because:
  Build cache is disabled
Task ':app:compileDebugKotlin' is not up-to-date because:
  Output property 'classpathSnapshotProperties.classpathSnapshotDir' file C:\Users\ONEDEV\Desktop\IPTV APP NATIVE ANDROID\TvPlayerApp\SVPlayer\app\build\kotlin\compileDebugKotlin\classpath-snapshot\shrunk-classpath-snapshot.bin has been removed.
  Output property 'destinationDirectory' file C:\Users\ONEDEV\Desktop\IPTV APP NATIVE ANDROID\TvPlayerApp\SVPlayer\app\build\tmp\kotlin-classes\debug\META-INF has been removed.
  Output property 'destinationDirectory' file C:\Users\ONEDEV\Desktop\IPTV APP NATIVE ANDROID\TvPlayerApp\SVPlayer\app\build\tmp\kotlin-classes\debug\META-INF\app_debug.kotlin_module has been removed.
  and more...
The input changes require a full rebuild for incremental task ':app:compileDebugKotlin'.
file or directory 'C:\Users\ONEDEV\Desktop\IPTV APP NATIVE ANDROID\TvPlayerApp\SVPlayer\app\src\debug\kotlin', not found
file or directory 'C:\Users\ONEDEV\Desktop\IPTV APP NATIVE ANDROID\TvPlayerApp\SVPlayer\app\src\debug\java', not found
file or directory 'C:\Users\ONEDEV\Desktop\IPTV APP NATIVE ANDROID\TvPlayerApp\SVPlayer\app\src\debug\kotlin', not found
file or directory 'C:\Users\ONEDEV\Desktop\IPTV APP NATIVE ANDROID\TvPlayerApp\SVPlayer\app\src\debug\java', not found
file or directory 'C:\Users\ONEDEV\Desktop\IPTV APP NATIVE ANDROID\TvPlayerApp\SVPlayer\app\src\debug\kotlin', not found
file or directory 'C:\Users\ONEDEV\Desktop\IPTV APP NATIVE ANDROID\TvPlayerApp\SVPlayer\app\src\debug\java', not found
file or directory 'C:\Users\ONEDEV\Desktop\IPTV APP NATIVE ANDROID\TvPlayerApp\SVPlayer\app\src\debug\kotlin', not found
file or directory 'C:\Users\ONEDEV\Desktop\IPTV APP NATIVE ANDROID\TvPlayerApp\SVPlayer\app\src\debug\java', not found
file or directory 'C:\Users\ONEDEV\Desktop\IPTV APP NATIVE ANDROID\TvPlayerApp\SVPlayer\app\src\debug\kotlin', not found
file or directory 'C:\Users\ONEDEV\Desktop\IPTV APP NATIVE ANDROID\TvPlayerApp\SVPlayer\app\src\debug\java', not found
file or directory 'C:\Users\ONEDEV\Desktop\IPTV APP NATIVE ANDROID\TvPlayerApp\SVPlayer\app\src\debug\kotlin', not found
file or directory 'C:\Users\ONEDEV\Desktop\IPTV APP NATIVE ANDROID\TvPlayerApp\SVPlayer\app\src\debug\java', not found
file or directory 'C:\Users\ONEDEV\Desktop\IPTV APP NATIVE ANDROID\TvPlayerApp\SVPlayer\app\src\main\kotlin', not found
file or directory 'C:\Users\ONEDEV\Desktop\IPTV APP NATIVE ANDROID\TvPlayerApp\SVPlayer\app\src\main\kotlin', not found
file or directory 'C:\Users\ONEDEV\Desktop\IPTV APP NATIVE ANDROID\TvPlayerApp\SVPlayer\app\src\main\kotlin', not found
file or directory 'C:\Users\ONEDEV\Desktop\IPTV APP NATIVE ANDROID\TvPlayerApp\SVPlayer\app\src\main\kotlin', not found
file or directory 'C:\Users\ONEDEV\Desktop\IPTV APP NATIVE ANDROID\TvPlayerApp\SVPlayer\app\src\main\kotlin', not found
file or directory 'C:\Users\ONEDEV\Desktop\IPTV APP NATIVE ANDROID\TvPlayerApp\SVPlayer\app\src\main\kotlin', not found
file or directory 'C:\Users\ONEDEV\Desktop\IPTV APP NATIVE ANDROID\TvPlayerApp\SVPlayer\app\src\debug\java', not found
file or directory 'C:\Users\ONEDEV\Desktop\IPTV APP NATIVE ANDROID\TvPlayerApp\SVPlayer\app\src\debug\kotlin', not found
file or directory 'C:\Users\ONEDEV\Desktop\IPTV APP NATIVE ANDROID\TvPlayerApp\SVPlayer\app\src\debug\java', not found
file or directory 'C:\Users\ONEDEV\Desktop\IPTV APP NATIVE ANDROID\TvPlayerApp\SVPlayer\app\src\debug\kotlin', not found
file or directory 'C:\Users\ONEDEV\Desktop\IPTV APP NATIVE ANDROID\TvPlayerApp\SVPlayer\app\src\debug\java', not found
file or directory 'C:\Users\ONEDEV\Desktop\IPTV APP NATIVE ANDROID\TvPlayerApp\SVPlayer\app\src\debug\kotlin', not found
file or directory 'C:\Users\ONEDEV\Desktop\IPTV APP NATIVE ANDROID\TvPlayerApp\SVPlayer\app\src\debug\java', not found
file or directory 'C:\Users\ONEDEV\Desktop\IPTV APP NATIVE ANDROID\TvPlayerApp\SVPlayer\app\src\debug\kotlin', not found
file or directory 'C:\Users\ONEDEV\Desktop\IPTV APP NATIVE ANDROID\TvPlayerApp\SVPlayer\app\src\debug\java', not found
file or directory 'C:\Users\ONEDEV\Desktop\IPTV APP NATIVE ANDROID\TvPlayerApp\SVPlayer\app\src\debug\kotlin', not found
file or directory 'C:\Users\ONEDEV\Desktop\IPTV APP NATIVE ANDROID\TvPlayerApp\SVPlayer\app\src\debug\java', not found
file or directory 'C:\Users\ONEDEV\Desktop\IPTV APP NATIVE ANDROID\TvPlayerApp\SVPlayer\app\src\debug\kotlin', not found
file or directory 'C:\Users\ONEDEV\Desktop\IPTV APP NATIVE ANDROID\TvPlayerApp\SVPlayer\app\src\debug\java', not found
file or directory 'C:\Users\ONEDEV\Desktop\IPTV APP NATIVE ANDROID\TvPlayerApp\SVPlayer\app\src\main\kotlin', not found
file or directory 'C:\Users\ONEDEV\Desktop\IPTV APP NATIVE ANDROID\TvPlayerApp\SVPlayer\app\src\debug\kotlin', not found
file or directory 'C:\Users\ONEDEV\Desktop\IPTV APP NATIVE ANDROID\TvPlayerApp\SVPlayer\app\src\debug\java', not found
file or directory 'C:\Users\ONEDEV\Desktop\IPTV APP NATIVE ANDROID\TvPlayerApp\SVPlayer\app\src\debug\kotlin', not found
file or directory 'C:\Users\ONEDEV\Desktop\IPTV APP NATIVE ANDROID\TvPlayerApp\SVPlayer\app\src\debug\java', not found
file or directory 'C:\Users\ONEDEV\Desktop\IPTV APP NATIVE ANDROID\TvPlayerApp\SVPlayer\app\src\debug\kotlin', not found
file or directory 'C:\Users\ONEDEV\Desktop\IPTV APP NATIVE ANDROID\TvPlayerApp\SVPlayer\app\src\debug\java', not found
file or directory 'C:\Users\ONEDEV\Desktop\IPTV APP NATIVE ANDROID\TvPlayerApp\SVPlayer\app\src\debug\kotlin', not found
file or directory 'C:\Users\ONEDEV\Desktop\IPTV APP NATIVE ANDROID\TvPlayerApp\SVPlayer\app\src\debug\java', not found
file or directory 'C:\Users\ONEDEV\Desktop\IPTV APP NATIVE ANDROID\TvPlayerApp\SVPlayer\app\src\debug\kotlin', not found
file or directory 'C:\Users\ONEDEV\Desktop\IPTV APP NATIVE ANDROID\TvPlayerApp\SVPlayer\app\src\debug\java', not found
file or directory 'C:\Users\ONEDEV\Desktop\IPTV APP NATIVE ANDROID\TvPlayerApp\SVPlayer\app\src\debug\kotlin', not found
file or directory 'C:\Users\ONEDEV\Desktop\IPTV APP NATIVE ANDROID\TvPlayerApp\SVPlayer\app\src\debug\java', not found
file or directory 'C:\Users\ONEDEV\Desktop\IPTV APP NATIVE ANDROID\TvPlayerApp\SVPlayer\app\src\main\kotlin', not found
file or directory 'C:\Users\ONEDEV\Desktop\IPTV APP NATIVE ANDROID\TvPlayerApp\SVPlayer\app\src\main\kotlin', not found
file or directory 'C:\Users\ONEDEV\Desktop\IPTV APP NATIVE ANDROID\TvPlayerApp\SVPlayer\app\src\main\kotlin', not found
file or directory 'C:\Users\ONEDEV\Desktop\IPTV APP NATIVE ANDROID\TvPlayerApp\SVPlayer\app\src\main\kotlin', not found
file or directory 'C:\Users\ONEDEV\Desktop\IPTV APP NATIVE ANDROID\TvPlayerApp\SVPlayer\app\src\main\kotlin', not found
file or directory 'C:\Users\ONEDEV\Desktop\IPTV APP NATIVE ANDROID\TvPlayerApp\SVPlayer\app\src\main\kotlin', not found
file or directory 'C:\Users\ONEDEV\Desktop\IPTV APP NATIVE ANDROID\TvPlayerApp\SVPlayer\app\src\debug\java', not found
file or directory 'C:\Users\ONEDEV\Desktop\IPTV APP NATIVE ANDROID\TvPlayerApp\SVPlayer\app\src\debug\kotlin', not found
file or directory 'C:\Users\ONEDEV\Desktop\IPTV APP NATIVE ANDROID\TvPlayerApp\SVPlayer\app\src\debug\java', not found
file or directory 'C:\Users\ONEDEV\Desktop\IPTV APP NATIVE ANDROID\TvPlayerApp\SVPlayer\app\src\debug\kotlin', not found
file or directory 'C:\Users\ONEDEV\Desktop\IPTV APP NATIVE ANDROID\TvPlayerApp\SVPlayer\app\src\debug\java', not found
file or directory 'C:\Users\ONEDEV\Desktop\IPTV APP NATIVE ANDROID\TvPlayerApp\SVPlayer\app\src\debug\kotlin', not found
file or directory 'C:\Users\ONEDEV\Desktop\IPTV APP NATIVE ANDROID\TvPlayerApp\SVPlayer\app\src\debug\java', not found
file or directory 'C:\Users\ONEDEV\Desktop\IPTV APP NATIVE ANDROID\TvPlayerApp\SVPlayer\app\src\debug\kotlin', not found
file or directory 'C:\Users\ONEDEV\Desktop\IPTV APP NATIVE ANDROID\TvPlayerApp\SVPlayer\app\src\debug\java', not found
file or directory 'C:\Users\ONEDEV\Desktop\IPTV APP NATIVE ANDROID\TvPlayerApp\SVPlayer\app\src\debug\kotlin', not found
file or directory 'C:\Users\ONEDEV\Desktop\IPTV APP NATIVE ANDROID\TvPlayerApp\SVPlayer\app\src\debug\java', not found
file or directory 'C:\Users\ONEDEV\Desktop\IPTV APP NATIVE ANDROID\TvPlayerApp\SVPlayer\app\src\debug\kotlin', not found
file or directory 'C:\Users\ONEDEV\Desktop\IPTV APP NATIVE ANDROID\TvPlayerApp\SVPlayer\app\src\debug\java', not found
file or directory 'C:\Users\ONEDEV\Desktop\IPTV APP NATIVE ANDROID\TvPlayerApp\SVPlayer\app\src\main\kotlin', not found
file or directory 'C:\Users\ONEDEV\Desktop\IPTV APP NATIVE ANDROID\TvPlayerApp\SVPlayer\app\src\main\kotlin', not found
file or directory 'C:\Users\ONEDEV\Desktop\IPTV APP NATIVE ANDROID\TvPlayerApp\SVPlayer\app\src\main\kotlin', not found
file or directory 'C:\Users\ONEDEV\Desktop\IPTV APP NATIVE ANDROID\TvPlayerApp\SVPlayer\app\src\main\kotlin', not found
file or directory 'C:\Users\ONEDEV\Desktop\IPTV APP NATIVE ANDROID\TvPlayerApp\SVPlayer\app\src\main\kotlin', not found
file or directory 'C:\Users\ONEDEV\Desktop\IPTV APP NATIVE ANDROID\TvPlayerApp\SVPlayer\app\src\main\kotlin', not found
file or directory 'C:\Users\ONEDEV\Desktop\IPTV APP NATIVE ANDROID\TvPlayerApp\SVPlayer\app\src\debug\java', not found
file or directory 'C:\Users\ONEDEV\Desktop\IPTV APP NATIVE ANDROID\TvPlayerApp\SVPlayer\app\src\debug\kotlin', not found
file or directory 'C:\Users\ONEDEV\Desktop\IPTV APP NATIVE ANDROID\TvPlayerApp\SVPlayer\app\src\debug\java', not found
file or directory 'C:\Users\ONEDEV\Desktop\IPTV APP NATIVE ANDROID\TvPlayerApp\SVPlayer\app\src\debug\kotlin', not found
file or directory 'C:\Users\ONEDEV\Desktop\IPTV APP NATIVE ANDROID\TvPlayerApp\SVPlayer\app\src\debug\java', not found
file or directory 'C:\Users\ONEDEV\Desktop\IPTV APP NATIVE ANDROID\TvPlayerApp\SVPlayer\app\src\debug\kotlin', not found
file or directory 'C:\Users\ONEDEV\Desktop\IPTV APP NATIVE ANDROID\TvPlayerApp\SVPlayer\app\src\debug\java', not found
file or directory 'C:\Users\ONEDEV\Desktop\IPTV APP NATIVE ANDROID\TvPlayerApp\SVPlayer\app\src\debug\kotlin', not found
file or directory 'C:\Users\ONEDEV\Desktop\IPTV APP NATIVE ANDROID\TvPlayerApp\SVPlayer\app\src\debug\java', not found
file or directory 'C:\Users\ONEDEV\Desktop\IPTV APP NATIVE ANDROID\TvPlayerApp\SVPlayer\app\src\debug\kotlin', not found
file or directory 'C:\Users\ONEDEV\Desktop\IPTV APP NATIVE ANDROID\TvPlayerApp\SVPlayer\app\src\debug\java', not found
file or directory 'C:\Users\ONEDEV\Desktop\IPTV APP NATIVE ANDROID\TvPlayerApp\SVPlayer\app\src\debug\kotlin', not found
file or directory 'C:\Users\ONEDEV\Desktop\IPTV APP NATIVE ANDROID\TvPlayerApp\SVPlayer\app\src\debug\java', not found
file or directory 'C:\Users\ONEDEV\Desktop\IPTV APP NATIVE ANDROID\TvPlayerApp\SVPlayer\app\src\main\kotlin', not found
file or directory 'C:\Users\ONEDEV\Desktop\IPTV APP NATIVE ANDROID\TvPlayerApp\SVPlayer\app\src\main\kotlin', not found
file or directory 'C:\Users\ONEDEV\Desktop\IPTV APP NATIVE ANDROID\TvPlayerApp\SVPlayer\app\src\main\kotlin', not found
file or directory 'C:\Users\ONEDEV\Desktop\IPTV APP NATIVE ANDROID\TvPlayerApp\SVPlayer\app\src\main\kotlin', not found
file or directory 'C:\Users\ONEDEV\Desktop\IPTV APP NATIVE ANDROID\TvPlayerApp\SVPlayer\app\src\main\kotlin', not found
file or directory 'C:\Users\ONEDEV\Desktop\IPTV APP NATIVE ANDROID\TvPlayerApp\SVPlayer\app\src\main\kotlin', not found
file or directory 'C:\Users\ONEDEV\Desktop\IPTV APP NATIVE ANDROID\TvPlayerApp\SVPlayer\app\src\debug\java', not found
Kotlin source files: C:\Users\ONEDEV\Desktop\IPTV APP NATIVE ANDROID\TvPlayerApp\SVPlayer\app\src\main\java\com\smartvision\svplayer\core\config\XtreamCredentialsProvider.kt, C:\Users\ONEDEV\Desktop\IPTV APP NATIVE ANDROID\TvPlayerApp\SVPlayer\app\src\main\java\com\smartvision\svplayer\core\data\AppContainer.kt, C:\Users\ONEDEV\Desktop\IPTV APP NATIVE ANDROID\TvPlayerApp\SVPlayer\app\src\main\java\com\smartvision\svplayer\core\data\LocalAppContainer.kt, C:\Users\ONEDEV\Desktop\IPTV APP NATIVE ANDROID\TvPlayerApp\SVPlayer\app\src\main\java\com\smartvision\svplayer\core\designsystem\Focusable.kt, C:\Users\ONEDEV\Desktop\IPTV APP NATIVE ANDROID\TvPlayerApp\SVPlayer\app\src\main\java\com\smartvision\svplayer\core\designsystem\MediaComponents.kt, C:\Users\ONEDEV\Desktop\IPTV APP NATIVE ANDROID\TvPlayerApp\SVPlayer\app\src\main\java\com\smartvision\svplayer\core\designsystem\SideNavBar.kt, C:\Users\ONEDEV\Desktop\IPTV APP NATIVE ANDROID\TvPlayerApp\SVPlayer\app\src\main\java\com\smartvision\svplayer\core\designsystem\SVTheme.kt, C:\Users\ONEDEV\Desktop\IPTV APP NATIVE ANDROID\TvPlayerApp\SVPlayer\app\src\main\java\com\smartvision\svplayer\core\designsystem\TopHeader.kt, C:\Users\ONEDEV\Desktop\IPTV APP NATIVE ANDROID\TvPlayerApp\SVPlayer\app\src\main\java\com\smartvision\svplayer\core\designsystem\TvScaffold.kt, C:\Users\ONEDEV\Desktop\IPTV APP NATIVE ANDROID\TvPlayerApp\SVPlayer\app\src\main\java\com\smartvision\svplayer\core\navigation\SVRoute.kt, C:\Users\ONEDEV\Desktop\IPTV APP NATIVE ANDROID\TvPlayerApp\SVPlayer\app\src\main\java\com\smartvision\svplayer\core\ui\ViewModelFactory.kt, C:\Users\ONEDEV\Desktop\IPTV APP NATIVE ANDROID\TvPlayerApp\SVPlayer\app\src\main\java\com\smartvision\svplayer\data\local\dao\CategoryDao.kt, C:\Users\ONEDEV\Desktop\IPTV APP NATIVE ANDROID\TvPlayerApp\SVPlayer\app\src\main\java\com\smartvision\svplayer\data\local\dao\FavoriteDao.kt, C:\Users\ONEDEV\Desktop\IPTV APP NATIVE ANDROID\TvPlayerApp\SVPlayer\app\src\main\java\com\smartvision\svplayer\data\local\dao\MediaDao.kt, C:\Users\ONEDEV\Desktop\IPTV APP NATIVE ANDROID\TvPlayerApp\SVPlayer\app\src\main\java\com\smartvision\svplayer\data\local\dao\ProfileDao.kt, C:\Users\ONEDEV\Desktop\IPTV APP NATIVE ANDROID\TvPlayerApp\SVPlayer\app\src\main\java\com\smartvision\svplayer\data\local\dao\ProgressDao.kt, C:\Users\ONEDEV\Desktop\IPTV APP NATIVE ANDROID\TvPlayerApp\SVPlayer\app\src\main\java\com\smartvision\svplayer\data\local\dao\SyncStateDao.kt, C:\Users\ONEDEV\Desktop\IPTV APP NATIVE ANDROID\TvPlayerApp\SVPlayer\app\src\main\java\com\smartvision\svplayer\data\local\entity\CategoryEntity.kt, C:\Users\ONEDEV\Desktop\IPTV APP NATIVE ANDROID\TvPlayerApp\SVPlayer\app\src\main\java\com\smartvision\svplayer\data\local\entity\MediaEntities.kt, C:\Users\ONEDEV\Desktop\IPTV APP NATIVE ANDROID\TvPlayerApp\SVPlayer\app\src\main\java\com\smartvision\svplayer\data\local\entity\ProfileEntity.kt, C:\Users\ONEDEV\Desktop\IPTV APP NATIVE ANDROID\TvPlayerApp\SVPlayer\app\src\main\java\com\smartvision\svplayer\data\local\SVDatabase.kt, C:\Users\ONEDEV\Desktop\IPTV APP NATIVE ANDROID\TvPlayerApp\SVPlayer\app\src\main\java\com\smartvision\svplayer\data\remote\dto\XtreamDtos.kt, C:\Users\ONEDEV\Desktop\IPTV APP NATIVE ANDROID\TvPlayerApp\SVPlayer\app\src\main\java\com\smartvision\svplayer\data\remote\XtreamApiService.kt, C:\Users\ONEDEV\Desktop\IPTV APP NATIVE ANDROID\TvPlayerApp\SVPlayer\app\src\main\java\com\smartvision\svplayer\data\remote\XtreamUrlFactory.kt, C:\Users\ONEDEV\Desktop\IPTV APP NATIVE ANDROID\TvPlayerApp\SVPlayer\app\src\main\java\com\smartvision\svplayer\data\repository\DefaultCatalogRepository.kt, C:\Users\ONEDEV\Desktop\IPTV APP NATIVE ANDROID\TvPlayerApp\SVPlayer\app\src\main\java\com\smartvision\svplayer\data\repository\DefaultSettingsRepository.kt, C:\Users\ONEDEV\Desktop\IPTV APP NATIVE ANDROID\TvPlayerApp\SVPlayer\app\src\main\java\com\smartvision\svplayer\data\repository\Mappers.kt, C:\Users\ONEDEV\Desktop\IPTV APP NATIVE ANDROID\TvPlayerApp\SVPlayer\app\src\main\java\com\smartvision\svplayer\data\repository\MockCatalogData.kt, C:\Users\ONEDEV\Desktop\IPTV APP NATIVE ANDROID\TvPlayerApp\SVPlayer\app\src\main\java\com\smartvision\svplayer\domain\model\Models.kt, C:\Users\ONEDEV\Desktop\IPTV APP NATIVE ANDROID\TvPlayerApp\SVPlayer\app\src\main\java\com\smartvision\svplayer\domain\repository\CatalogRepository.kt, C:\Users\ONEDEV\Desktop\IPTV APP NATIVE ANDROID\TvPlayerApp\SVPlayer\app\src\main\java\com\smartvision\svplayer\domain\repository\SettingsRepository.kt, C:\Users\ONEDEV\Desktop\IPTV APP NATIVE ANDROID\TvPlayerApp\SVPlayer\app\src\main\java\com\smartvision\svplayer\domain\usecase\UseCases.kt, C:\Users\ONEDEV\Desktop\IPTV APP NATIVE ANDROID\TvPlayerApp\SVPlayer\app\src\main\java\com\smartvision\svplayer\feature\account\AccountScreen.kt, C:\Users\ONEDEV\Desktop\IPTV APP NATIVE ANDROID\TvPlayerApp\SVPlayer\app\src\main\java\com\smartvision\svplayer\feature\account\AccountViewModel.kt, C:\Users\ONEDEV\Desktop\IPTV APP NATIVE ANDROID\TvPlayerApp\SVPlayer\app\src\main\java\com\smartvision\svplayer\feature\home\HomeScreen.kt, C:\Users\ONEDEV\Desktop\IPTV APP NATIVE ANDROID\TvPlayerApp\SVPlayer\app\src\main\java\com\smartvision\svplayer\feature\live\LiveScreen.kt, C:\Users\ONEDEV\Desktop\IPTV APP NATIVE ANDROID\TvPlayerApp\SVPlayer\app\src\main\java\com\smartvision\svplayer\feature\live\LiveViewModel.kt, C:\Users\ONEDEV\Desktop\IPTV APP NATIVE ANDROID\TvPlayerApp\SVPlayer\app\src\main\java\com\smartvision\svplayer\feature\movies\MoviesScreen.kt, C:\Users\ONEDEV\Desktop\IPTV APP NATIVE ANDROID\TvPlayerApp\SVPlayer\app\src\main\java\com\smartvision\svplayer\feature\movies\MoviesViewModel.kt, C:\Users\ONEDEV\Desktop\IPTV APP NATIVE ANDROID\TvPlayerApp\SVPlayer\app\src\main\java\com\smartvision\svplayer\feature\player\PlayerScreen.kt, C:\Users\ONEDEV\Desktop\IPTV APP NATIVE ANDROID\TvPlayerApp\SVPlayer\app\src\main\java\com\smartvision\svplayer\feature\player\PlayerViewModel.kt, C:\Users\ONEDEV\Desktop\IPTV APP NATIVE ANDROID\TvPlayerApp\SVPlayer\app\src\main\java\com\smartvision\svplayer\feature\series\SeriesScreen.kt, C:\Users\ONEDEV\Desktop\IPTV APP NATIVE ANDROID\TvPlayerApp\SVPlayer\app\src\main\java\com\smartvision\svplayer\feature\series\SeriesViewModel.kt, C:\Users\ONEDEV\Desktop\IPTV APP NATIVE ANDROID\TvPlayerApp\SVPlayer\app\src\main\java\com\smartvision\svplayer\feature\settings\SettingsScreen.kt, C:\Users\ONEDEV\Desktop\IPTV APP NATIVE ANDROID\TvPlayerApp\SVPlayer\app\src\main\java\com\smartvision\svplayer\feature\settings\SettingsViewModel.kt, C:\Users\ONEDEV\Desktop\IPTV APP NATIVE ANDROID\TvPlayerApp\SVPlayer\app\src\main\java\com\smartvision\svplayer\MainActivity.kt, C:\Users\ONEDEV\Desktop\IPTV APP NATIVE ANDROID\TvPlayerApp\SVPlayer\app\src\main\java\com\smartvision\svplayer\SVPlayerApp.kt, C:\Users\ONEDEV\Desktop\IPTV APP NATIVE ANDROID\TvPlayerApp\SVPlayer\app\src\main\java\com\smartvision\svplayer\SVPlayerApplication.kt, C:\Users\ONEDEV\Desktop\IPTV APP NATIVE ANDROID\TvPlayerApp\SVPlayer\app\src\main\java\com\smartvision\svplayer\sync\SyncWorker.kt
Java source files: C:\Users\ONEDEV\Desktop\IPTV APP NATIVE ANDROID\TvPlayerApp\SVPlayer\app\build\generated\source\buildConfig\debug\com\smartvision\svplayer\BuildConfig.java, C:\Users\ONEDEV\Desktop\IPTV APP NATIVE ANDROID\TvPlayerApp\SVPlayer\app\build\generated\source\kapt\debug\com\smartvision\svplayer\data\local\dao\CategoryDao_Impl.java, C:\Users\ONEDEV\Desktop\IPTV APP NATIVE ANDROID\TvPlayerApp\SVPlayer\app\build\generated\source\kapt\debug\com\smartvision\svplayer\data\local\dao\FavoriteDao_Impl.java, C:\Users\ONEDEV\Desktop\IPTV APP NATIVE ANDROID\TvPlayerApp\SVPlayer\app\build\generated\source\kapt\debug\com\smartvision\svplayer\data\local\dao\MediaDao_Impl.java, C:\Users\ONEDEV\Desktop\IPTV APP NATIVE ANDROID\TvPlayerApp\SVPlayer\app\build\generated\source\kapt\debug\com\smartvision\svplayer\data\local\dao\ProfileDao_Impl.java, C:\Users\ONEDEV\Desktop\IPTV APP NATIVE ANDROID\TvPlayerApp\SVPlayer\app\build\generated\source\kapt\debug\com\smartvision\svplayer\data\local\dao\ProgressDao_Impl.java, C:\Users\ONEDEV\Desktop\IPTV APP NATIVE ANDROID\TvPlayerApp\SVPlayer\app\build\generated\source\kapt\debug\com\smartvision\svplayer\data\local\dao\SyncStateDao_Impl.java, C:\Users\ONEDEV\Desktop\IPTV APP NATIVE ANDROID\TvPlayerApp\SVPlayer\app\build\generated\source\kapt\debug\com\smartvision\svplayer\data\local\SVDatabase_Impl.java
Script source files: 
Script file extensions: 
Using Kotlin/JVM incremental compilation
[KOTLIN] Kotlin compilation 'jdkHome' argument: null
i: cannot connect to registry: Connection refused: connect
Options for KOTLIN DAEMON: IncrementalCompilationOptions(super=CompilationOptions(compilerMode=INCREMENTAL_COMPILER, targetPlatform=JVM, reportCategories=[0, 3], reportSeverity=2, requestedCompilationResults=[0], kotlinScriptExtensions=[]), sourceChanges=org.jetbrains.kotlin.buildtools.api.SourcesChanges$Unknown@2f9a3889, classpathChanges=NotAvailableForNonIncrementalRun, workingDir=C:\Users\ONEDEV\Desktop\IPTV APP NATIVE ANDROID\TvPlayerApp\SVPlayer\app\build\kotlin\compileDebugKotlin\cacheable, multiModuleICSettings=MultiModuleICSettings(buildHistoryFile=C:\Users\ONEDEV\Desktop\IPTV APP NATIVE ANDROID\TvPlayerApp\SVPlayer\app\build\kotlin\compileDebugKotlin\local-state\build-history.bin, useModuleDetection=true), usePreciseJavaTracking=true, icFeatures=IncrementalCompilationFeatures(withAbiSnapshot=false, preciseCompilationResultsBackup=true, keepIncrementalCompilationCachesInMemory=true, enableUnsafeIncrementalCompilationForMultiplatform=false, enableMonotonousIncrementalCompileSetExpansion=true), outputFiles=[C:\Users\ONEDEV\Desktop\IPTV APP NATIVE ANDROID\TvPlayerApp\SVPlayer\app\build\tmp\kotlin-classes\debug, C:\Users\ONEDEV\Desktop\IPTV APP NATIVE ANDROID\TvPlayerApp\SVPlayer\app\build\kotlin\compileDebugKotlin\cacheable, C:\Users\ONEDEV\Desktop\IPTV APP NATIVE ANDROID\TvPlayerApp\SVPlayer\app\build\kotlin\compileDebugKotlin\local-state])
w: file:///C:/Users/ONEDEV/Desktop/IPTV%20APP%20NATIVE%20ANDROID/TvPlayerApp/SVPlayer/app/src/main/java/com/smartvision/svplayer/feature/player/PlayerScreen.kt:265:82 'val Icons.Filled.ArrowBack: ImageVector' is deprecated. Use the AutoMirrored version at Icons.AutoMirrored.Filled.ArrowBack.
w: file:///C:/Users/ONEDEV/Desktop/IPTV%20APP%20NATIVE%20ANDROID/TvPlayerApp/SVPlayer/app/src/main/java/com/smartvision/svplayer/feature/player/PlayerScreen.kt:281:78 'val Icons.Filled.ArrowBack: ImageVector' is deprecated. Use the AutoMirrored version at Icons.AutoMirrored.Filled.ArrowBack.
Finished executing kotlin compiler using DAEMON strategy
Resolve mutations for :app:javaPreCompileDebug (Thread[#60,included builds,5,main]) started.
:app:javaPreCompileDebug (Thread[#60,included builds,5,main]) started.

> Task :app:javaPreCompileDebug UP-TO-DATE
Caching disabled for task ':app:javaPreCompileDebug' because:
  Build cache is disabled
Skipping task ':app:javaPreCompileDebug' as it is up-to-date.
Resolve mutations for :app:compileDebugJavaWithJavac (Thread[#60,included builds,5,main]) started.
:app:compileDebugJavaWithJavac (Thread[#60,included builds,5,main]) started.

> Task :app:compileDebugJavaWithJavac
Custom actions are attached to task ':app:compileDebugJavaWithJavac'.
Caching disabled for task ':app:compileDebugJavaWithJavac' because:
  Build cache is disabled
Task ':app:compileDebugJavaWithJavac' is not up-to-date because:
  Output property 'destinationDirectory' file C:\Users\ONEDEV\Desktop\IPTV APP NATIVE ANDROID\TvPlayerApp\SVPlayer\app\build\intermediates\javac\debug\compileDebugJavaWithJavac\classes\com has been removed.
  Output property 'destinationDirectory' file C:\Users\ONEDEV\Desktop\IPTV APP NATIVE ANDROID\TvPlayerApp\SVPlayer\app\build\intermediates\javac\debug\compileDebugJavaWithJavac\classes\com\smartvision has been removed.
  Output property 'destinationDirectory' file C:\Users\ONEDEV\Desktop\IPTV APP NATIVE ANDROID\TvPlayerApp\SVPlayer\app\build\intermediates\javac\debug\compileDebugJavaWithJavac\classes\com\smartvision\svplayer has been removed.
  and more...
The input changes require a full rebuild for incremental task ':app:compileDebugJavaWithJavac'.
Compilation mode: in-process compilation
Full recompilation is required because no incremental change information is available. This is usually caused by clean builds or changing compiler arguments.
Compiling with toolchain 'C:\Program Files\Android\Android Studio\jbr'.
file or directory 'C:\Users\ONEDEV\Desktop\IPTV APP NATIVE ANDROID\TvPlayerApp\SVPlayer\app\src\debug\java', not found
Compiling with JDK Java compiler API.
Class dependency analysis for incremental compilation took 0.295 secs.
Created classpath snapshot for incremental compilation in 2.466 secs.
Resolve mutations for :app:mergeDebugShaders (Thread[#60,included builds,5,main]) started.
:app:mergeDebugShaders (Thread[#60,included builds,5,main]) started.

> Task :app:mergeDebugShaders UP-TO-DATE
Caching disabled for task ':app:mergeDebugShaders' because:
  Build cache is disabled
  Simple merging task
Skipping task ':app:mergeDebugShaders' as it is up-to-date.
Resolve mutations for :app:compileDebugShaders (Thread[#60,included builds,5,main]) started.
:app:compileDebugShaders (Thread[#60,included builds,5,main]) started.

> Task :app:compileDebugShaders NO-SOURCE
Skipping task ':app:compileDebugShaders' as it has no source files and no previous output files.
Resolve mutations for :app:generateDebugAssets (Thread[#60,included builds,5,main]) started.
:app:generateDebugAssets (Thread[#60,included builds,5,main]) started.

> Task :app:generateDebugAssets UP-TO-DATE
Skipping task ':app:generateDebugAssets' as it has no actions.
Resolve mutations for :app:mergeDebugAssets (Thread[#60,included builds,5,main]) started.
:app:mergeDebugAssets (Thread[#60,included builds,5,main]) started.

> Task :app:mergeDebugAssets UP-TO-DATE
Caching disabled for task ':app:mergeDebugAssets' because:
  Build cache is disabled
  Simple merging task
Skipping task ':app:mergeDebugAssets' as it is up-to-date.
Resolve mutations for :app:compressDebugAssets (Thread[#60,included builds,5,main]) started.
:app:compressDebugAssets (Thread[#60,included builds,5,main]) started.

> Task :app:compressDebugAssets UP-TO-DATE
Caching disabled for task ':app:compressDebugAssets' because:
  Build cache is disabled
Skipping task ':app:compressDebugAssets' as it is up-to-date.
Resolve mutations for :app:desugarDebugFileDependencies (Thread[#60,included builds,5,main]) started.
:app:desugarDebugFileDependencies (Thread[#60,included builds,5,main]) started.

> Task :app:desugarDebugFileDependencies UP-TO-DATE
Caching disabled for task ':app:desugarDebugFileDependencies' because:
  Build cache is disabled
Skipping task ':app:desugarDebugFileDependencies' as it is up-to-date.
Resolve mutations for :app:dexBuilderDebug (Thread[#60,included builds,5,main]) started.
:app:dexBuilderDebug (Thread[#60,included builds,5,main]) started.

> Task :app:dexBuilderDebug
Caching disabled for task ':app:dexBuilderDebug' because:
  Build cache is disabled
Task ':app:dexBuilderDebug' is not up-to-date because:
  Output property 'externalLibsFromArtifactTransformsOutputs.dex' file C:\Users\ONEDEV\Desktop\IPTV APP NATIVE ANDROID\TvPlayerApp\SVPlayer\app\build\intermediates\external_libs_dex_archive_with_artifact_transforms\debug\dexBuilderDebug\out has been removed.
  Output property 'externalLibsFromArtifactTransformsOutputs.globalSynthetics' file C:\Users\ONEDEV\Desktop\IPTV APP NATIVE ANDROID\TvPlayerApp\SVPlayer\app\build\intermediates\global_synthetics_external_libs_artifact_transform\debug\dexBuilderDebug\out has been removed.
  Output property 'externalLibsOutputs.dex' file C:\Users\ONEDEV\Desktop\IPTV APP NATIVE ANDROID\TvPlayerApp\SVPlayer\app\build\intermediates\external_libs_dex_archive\debug\dexBuilderDebug\out has been removed.
  and more...
The input changes require a full rebuild for incremental task ':app:dexBuilderDebug'.
Dex builder is incremental : false 
Processing input C:\Users\ONEDEV\Desktop\IPTV APP NATIVE ANDROID\TvPlayerApp\SVPlayer\app\build\tmp\kotlin-classes\debug
Processing input C:\Users\ONEDEV\Desktop\IPTV APP NATIVE ANDROID\TvPlayerApp\SVPlayer\app\build\tmp\kapt3\classes\debug
Processing input C:\Users\ONEDEV\Desktop\IPTV APP NATIVE ANDROID\TvPlayerApp\SVPlayer\app\build\intermediates\javac\debug\compileDebugJavaWithJavac\classes
Dexing C:\Users\ONEDEV\Desktop\IPTV APP NATIVE ANDROID\TvPlayerApp\SVPlayer\app\build\tmp\kotlin-classes\debug
Dexing C:\Users\ONEDEV\Desktop\IPTV APP NATIVE ANDROID\TvPlayerApp\SVPlayer\app\build\tmp\kapt3\classes\debug
Dexing C:\Users\ONEDEV\Desktop\IPTV APP NATIVE ANDROID\TvPlayerApp\SVPlayer\app\build\intermediates\javac\debug\compileDebugJavaWithJavac\classes
Processing input C:\Users\ONEDEV\Desktop\IPTV APP NATIVE ANDROID\TvPlayerApp\SVPlayer\app\build\intermediates\compile_and_runtime_not_namespaced_r_class_jar\debug\processDebugResources\R.jar
Dexing C:\Users\ONEDEV\Desktop\IPTV APP NATIVE ANDROID\TvPlayerApp\SVPlayer\app\build\intermediates\compile_and_runtime_not_namespaced_r_class_jar\debug\processDebugResources\R.jar
Dexing 'C:\Users\ONEDEV\Desktop\IPTV APP NATIVE ANDROID\TvPlayerApp\SVPlayer\app\build\tmp\kotlin-classes\debug' to 'C:\Users\ONEDEV\Desktop\IPTV APP NATIVE ANDROID\TvPlayerApp\SVPlayer\app\build\intermediates\project_dex_archive\debug\dexBuilderDebug\out'
Dexing 'C:\Users\ONEDEV\Desktop\IPTV APP NATIVE ANDROID\TvPlayerApp\SVPlayer\app\build\tmp\kapt3\classes\debug' to 'C:\Users\ONEDEV\Desktop\IPTV APP NATIVE ANDROID\TvPlayerApp\SVPlayer\app\build\intermediates\project_dex_archive\debug\dexBuilderDebug\out'
Dexing 'C:\Users\ONEDEV\Desktop\IPTV APP NATIVE ANDROID\TvPlayerApp\SVPlayer\app\build\intermediates\javac\debug\compileDebugJavaWithJavac\classes' to 'C:\Users\ONEDEV\Desktop\IPTV APP NATIVE ANDROID\TvPlayerApp\SVPlayer\app\build\intermediates\project_dex_archive\debug\dexBuilderDebug\out'
Dexing 'C:\Users\ONEDEV\Desktop\IPTV APP NATIVE ANDROID\TvPlayerApp\SVPlayer\app\build\intermediates\compile_and_runtime_not_namespaced_r_class_jar\debug\processDebugResources\R.jar' to 'C:\Users\ONEDEV\Desktop\IPTV APP NATIVE ANDROID\TvPlayerApp\SVPlayer\app\build\intermediates\project_dex_archive\debug\dexBuilderDebug\out\ba885c85fd8c0d412193ae4c2769342391aef821ca28c24641e4ee3c2706e540_0.jar'
Dexing 'C:\Users\ONEDEV\Desktop\IPTV APP NATIVE ANDROID\TvPlayerApp\SVPlayer\app\build\intermediates\compile_and_runtime_not_namespaced_r_class_jar\debug\processDebugResources\R.jar' to 'C:\Users\ONEDEV\Desktop\IPTV APP NATIVE ANDROID\TvPlayerApp\SVPlayer\app\build\intermediates\project_dex_archive\debug\dexBuilderDebug\out\ba885c85fd8c0d412193ae4c2769342391aef821ca28c24641e4ee3c2706e540_1.jar'
Dexing 'C:\Users\ONEDEV\Desktop\IPTV APP NATIVE ANDROID\TvPlayerApp\SVPlayer\app\build\tmp\kotlin-classes\debug' to 'C:\Users\ONEDEV\Desktop\IPTV APP NATIVE ANDROID\TvPlayerApp\SVPlayer\app\build\intermediates\project_dex_archive\debug\dexBuilderDebug\out'
Dexing 'C:\Users\ONEDEV\Desktop\IPTV APP NATIVE ANDROID\TvPlayerApp\SVPlayer\app\build\tmp\kapt3\classes\debug' to 'C:\Users\ONEDEV\Desktop\IPTV APP NATIVE ANDROID\TvPlayerApp\SVPlayer\app\build\intermediates\project_dex_archive\debug\dexBuilderDebug\out'
Dexing 'C:\Users\ONEDEV\Desktop\IPTV APP NATIVE ANDROID\TvPlayerApp\SVPlayer\app\build\intermediates\javac\debug\compileDebugJavaWithJavac\classes' to 'C:\Users\ONEDEV\Desktop\IPTV APP NATIVE ANDROID\TvPlayerApp\SVPlayer\app\build\intermediates\project_dex_archive\debug\dexBuilderDebug\out'
Done with all dex archive conversions
Invalidating in-memory cache of C:\Users\ONEDEV\Desktop\IPTV APP NATIVE ANDROID\TvPlayerApp\SVPlayer\.gradle\8.14.3\fileHashes\fileHashes.bin
Invalidating in-memory cache of C:\Users\ONEDEV\Desktop\IPTV APP NATIVE ANDROID\TvPlayerApp\SVPlayer\.gradle\8.14.3\fileHashes\resourceHashesCache.bin
Invalidating in-memory cache of C:\Users\ONEDEV\Desktop\IPTV APP NATIVE ANDROID\TvPlayerApp\SVPlayer\.gradle\buildOutputCleanup\outputFiles.bin
Resolve mutations for :app:mergeDebugGlobalSynthetics (Thread[#60,included builds,5,main]) started.
:app:mergeDebugGlobalSynthetics (Thread[#60,included builds,5,main]) started.

> Task :app:mergeDebugGlobalSynthetics
Invalidating in-memory cache of C:\Users\ONEDEV\.gradle\caches\8.14.3\fileHashes\fileHashes.bin
Invalidating in-memory cache of C:\Users\ONEDEV\.gradle\caches\8.14.3\fileHashes\resourceHashesCache.bin
Invalidating in-memory cache of C:\Users\ONEDEV\.gradle\caches\journal-1\file-access.bin
Caching disabled for task ':app:mergeDebugGlobalSynthetics' because:
  Build cache is disabled
Task ':app:mergeDebugGlobalSynthetics' is not up-to-date because:
  Output property 'globalSyntheticsOutput' file C:\Users\ONEDEV\Desktop\IPTV APP NATIVE ANDROID\TvPlayerApp\SVPlayer\app\build\intermediates\global_synthetics_dex\debug\mergeDebugGlobalSynthetics has been removed.
Resolve mutations for :app:processDebugJavaRes (Thread[#60,included builds,5,main]) started.
:app:processDebugJavaRes (Thread[#60,included builds,5,main]) started.

> Task :app:processDebugJavaRes
file or directory 'C:\Users\ONEDEV\Desktop\IPTV APP NATIVE ANDROID\TvPlayerApp\SVPlayer\app\src\main\resources', not found
file or directory 'C:\Users\ONEDEV\Desktop\IPTV APP NATIVE ANDROID\TvPlayerApp\SVPlayer\app\src\debug\resources', not found
file or directory 'C:\Users\ONEDEV\Desktop\IPTV APP NATIVE ANDROID\TvPlayerApp\SVPlayer\app\src\main\resources', not found
file or directory 'C:\Users\ONEDEV\Desktop\IPTV APP NATIVE ANDROID\TvPlayerApp\SVPlayer\app\src\debug\resources', not found
Caching disabled for task ':app:processDebugJavaRes' because:
  Build cache is disabled
  Caching has been disabled for the task
Task ':app:processDebugJavaRes' is not up-to-date because:
  Output property 'destinationDir' file C:\Users\ONEDEV\Desktop\IPTV APP NATIVE ANDROID\TvPlayerApp\SVPlayer\app\build\intermediates\java_res\debug\processDebugJavaRes\out has been removed.
  Output property 'destinationDir' file C:\Users\ONEDEV\Desktop\IPTV APP NATIVE ANDROID\TvPlayerApp\SVPlayer\app\build\intermediates\java_res\debug\processDebugJavaRes\out\com has been removed.
  Output property 'destinationDir' file C:\Users\ONEDEV\Desktop\IPTV APP NATIVE ANDROID\TvPlayerApp\SVPlayer\app\build\intermediates\java_res\debug\processDebugJavaRes\out\com\smartvision has been removed.
  and more...
file or directory 'C:\Users\ONEDEV\Desktop\IPTV APP NATIVE ANDROID\TvPlayerApp\SVPlayer\app\src\main\resources', not found
file or directory 'C:\Users\ONEDEV\Desktop\IPTV APP NATIVE ANDROID\TvPlayerApp\SVPlayer\app\src\debug\resources', not found
file or directory 'C:\Users\ONEDEV\Desktop\IPTV APP NATIVE ANDROID\TvPlayerApp\SVPlayer\app\src\main\resources', not found
file or directory 'C:\Users\ONEDEV\Desktop\IPTV APP NATIVE ANDROID\TvPlayerApp\SVPlayer\app\src\debug\resources', not found
Resolve mutations for :app:mergeDebugJavaResource (Thread[#60,included builds,5,main]) started.
:app:mergeDebugJavaResource (Thread[#60,included builds,5,main]) started.

> Task :app:mergeDebugJavaResource
Caching disabled for task ':app:mergeDebugJavaResource' because:
  Build cache is disabled
  Caching has been disabled for the task
Task ':app:mergeDebugJavaResource' is not up-to-date because:
  Output property 'cacheDir' file C:\Users\ONEDEV\Desktop\IPTV APP NATIVE ANDROID\TvPlayerApp\SVPlayer\app\build\intermediates\incremental\debug-mergeJavaRes\zip-cache has been removed.
  Output property 'cacheDir' file C:\Users\ONEDEV\Desktop\IPTV APP NATIVE ANDROID\TvPlayerApp\SVPlayer\app\build\intermediates\incremental\debug-mergeJavaRes\zip-cache\+tbH+quLAss6IKIeIBOgYA== has been removed.
  Output property 'cacheDir' file C:\Users\ONEDEV\Desktop\IPTV APP NATIVE ANDROID\TvPlayerApp\SVPlayer\app\build\intermediates\incremental\debug-mergeJavaRes\zip-cache\0HYNNz8S0lOiOF9SzLtTgQ== has been removed.
  and more...
The input changes require a full rebuild for incremental task ':app:mergeDebugJavaResource'.

Received command: Stop[id=ef8bc16b-a265-4cf2-a283-4e6f2d0795ba].
Daemon is stopping immediately stop command received

C:\Users\ONEDEV\Desktop\IPTV APP NATIVE ANDROID\TvPlayerApp\SVPlayer>if 1 EQU 0 goto mainEnd 

C:\Users\ONEDEV\Desktop\IPTV APP NATIVE ANDROID\TvPlayerApp\SVPlayer>rem Set variable GRADLE_EXIT_CONSOLE if you need the _script_ return code instead of 

C:\Users\ONEDEV\Desktop\IPTV APP NATIVE ANDROID\TvPlayerApp\SVPlayer>rem the _cmd.exe /c_ return code! 

C:\Users\ONEDEV\Desktop\IPTV APP NATIVE ANDROID\TvPlayerApp\SVPlayer>set EXIT_CODE=1 

C:\Users\ONEDEV\Desktop\IPTV APP NATIVE ANDROID\TvPlayerApp\SVPlayer>if 1 EQU 0 set EXIT_CODE=1 

C:\Users\ONEDEV\Desktop\IPTV APP NATIVE ANDROID\TvPlayerApp\SVPlayer>if not "" == "" exit 1 

C:\Users\ONEDEV\Desktop\IPTV APP NATIVE ANDROID\TvPlayerApp\SVPlayer>exit /b 1 
